<?xml version="1.0" encoding="UTF-8"?>
<!-- Generated by org.testng.reporters.JUnitReportReporter -->
<testsuite skipped="0" hostname="mallikarjuna" name="script.TestLoginLogout" tests="1" failures="0" timestamp="01 Oct 2018 06:12:41 GMT" time="25.886" errors="0">
  <testcase name="demoA" time="25.886" classname="script.TestLoginLogout"/>
</testsuite> <!-- script.TestLoginLogout -->
