<?xml version="1.0" encoding="UTF-8"?>
<!-- Generated by org.testng.reporters.JUnitReportReporter -->
<testsuite skipped="0" hostname="mallikarjuna" name="script.TestDemo" tests="1" failures="0" timestamp="27 Sep 2018 06:46:22 GMT" time="20.109" errors="0">
  <testcase name="testA" time="20.109" classname="script.TestDemo"/>
</testsuite> <!-- script.TestDemo -->
