<?xml version="1.0" encoding="UTF-8"?>
<!-- Generated by org.testng.reporters.JUnitReportReporter -->
<testsuite skipped="0" hostname="mallikarjuna" name="script.TestDemohrm" tests="1" failures="0" timestamp="12 Oct 2018 07:37:35 GMT" time="15.460" errors="0">
  <testcase name="login" time="15.460" classname="script.TestDemohrm"/>
</testsuite> <!-- script.TestDemohrm -->
