<?xml version="1.0" encoding="UTF-8"?>
<!-- Generated by org.testng.reporters.JUnitReportReporter -->
<testsuite skipped="0" hostname="mallikarjuna" name="script.OrangeTC1" tests="1" failures="0" timestamp="12 Oct 2018 08:23:33 GMT" time="18.411" errors="0">
  <testcase name="testOrangeTC1" time="18.411" classname="script.OrangeTC1"/>
</testsuite> <!-- script.OrangeTC1 -->
