<?xml version="1.0" encoding="UTF-8"?>
<!-- Generated by org.testng.reporters.JUnitReportReporter -->
<testsuite skipped="0" hostname="mallikarjuna" name="script.TestDemo" tests="1" failures="0" timestamp="26 Sep 2018 09:08:50 GMT" time="11.981" errors="0">
  <testcase name="testA" time="11.981" classname="script.TestDemo"/>
</testsuite> <!-- script.TestDemo -->
