<?xml version="1.0" encoding="UTF-8"?>
<!-- Generated by org.testng.reporters.JUnitReportReporter -->
<testsuite skipped="0" hostname="mallikarjuna" name="script.TestDemo2" tests="1" failures="0" timestamp="01 Oct 2018 05:55:13 GMT" time="29.279" errors="0">
  <testcase name="demoA" time="29.279" classname="script.TestDemo2"/>
</testsuite> <!-- script.TestDemo2 -->
